2025-05-28 09:10:34,590 - INFO - Logging initialized. Log file: rv_scraper_20250528_091034.log
2025-05-28 09:10:34,591 - INFO - === RV Scraper Starting ===
2025-05-28 09:10:34,591 - INFO - Fetching RV data...
2025-05-28 09:10:34,591 - INFO - Starting data fetch...
2025-05-28 09:10:42,768 - INFO - Secondary data fetch - Attempt 1/3
2025-05-28 09:10:48,178 - INFO - Secondary data fetch successful
2025-05-28 09:11:10,368 - INFO - Found 19572 total units to process
2025-05-28 09:11:10,368 - INFO - Processing chunk 1/20 (units 0 to 999)
2025-05-28 09:14:36,396 - INFO - Chunk 1: Successfully processed 1000 units
2025-05-28 09:14:39,915 - INFO - Processing chunk 2/20 (units 1000 to 1999)
2025-05-28 09:16:17,359 - INFO - Chunk 2: Successfully processed 1000 units
2025-05-28 09:16:19,457 - INFO - Processing chunk 3/20 (units 2000 to 2999)
2025-05-28 09:18:02,631 - INFO - Chunk 3: Successfully processed 1000 units
2025-05-28 09:18:06,231 - INFO - Processing chunk 4/20 (units 3000 to 3999)
2025-05-28 09:19:18,402 - INFO - Chunk 4: Successfully processed 1000 units
2025-05-28 09:19:21,411 - INFO - Processing chunk 5/20 (units 4000 to 4999)
2025-05-28 09:20:42,923 - INFO - Chunk 5: Successfully processed 1000 units
2025-05-28 09:20:45,684 - INFO - Processing chunk 6/20 (units 5000 to 5999)
2025-05-28 09:22:26,658 - INFO - Chunk 6: Successfully processed 1000 units
2025-05-28 09:22:29,748 - INFO - Processing chunk 7/20 (units 6000 to 6999)
2025-05-28 09:23:59,289 - INFO - Chunk 7: Successfully processed 1000 units
2025-05-28 09:24:02,804 - INFO - Processing chunk 8/20 (units 7000 to 7999)
2025-05-28 09:25:26,401 - INFO - Chunk 8: Successfully processed 1000 units
2025-05-28 09:25:28,578 - INFO - Processing chunk 9/20 (units 8000 to 8999)
2025-05-28 09:27:04,459 - INFO - Chunk 9: Successfully processed 1000 units
2025-05-28 09:27:07,453 - INFO - Processing chunk 10/20 (units 9000 to 9999)
2025-05-28 09:28:32,303 - INFO - Chunk 10: Successfully processed 1000 units
2025-05-28 09:28:35,691 - INFO - Processing chunk 11/20 (units 10000 to 10999)
2025-05-28 09:30:15,389 - INFO - Chunk 11: Successfully processed 1000 units
2025-05-28 09:30:17,485 - INFO - Processing chunk 12/20 (units 11000 to 11999)
2025-05-28 09:33:25,706 - INFO - Chunk 12: Successfully processed 1000 units
2025-05-28 09:33:28,218 - INFO - Processing chunk 13/20 (units 12000 to 12999)
2025-05-28 09:37:56,660 - INFO - Chunk 13: Successfully processed 1000 units
2025-05-28 09:37:58,921 - INFO - Processing chunk 14/20 (units 13000 to 13999)
2025-05-28 09:40:55,079 - INFO - Chunk 14: Successfully processed 1000 units
2025-05-28 09:40:58,734 - INFO - Processing chunk 15/20 (units 14000 to 14999)
2025-05-28 09:40:58,856 - ERROR - Chunk 15: Error on attempt 1: Page.evaluate: Target page, context or browser has been closed
2025-05-28 09:41:01,250 - ERROR - Chunk 15: Error on attempt 2: Page.evaluate: Target page, context or browser has been closed
2025-05-28 09:41:04,584 - ERROR - Chunk 15: Error on attempt 3: Page.evaluate: Target page, context or browser has been closed
2025-05-28 09:41:06,767 - INFO - Processing chunk 16/20 (units 15000 to 15999)
2025-05-28 09:41:06,889 - ERROR - Chunk 16: Error on attempt 1: Page.evaluate: Target page, context or browser has been closed
2025-05-28 09:41:10,092 - ERROR - Chunk 16: Error on attempt 2: Page.evaluate: Target page, context or browser has been closed
2025-05-28 09:41:13,962 - ERROR - Chunk 16: Error on attempt 3: Page.evaluate: Target page, context or browser has been closed
2025-05-28 09:41:16,127 - INFO - Processing chunk 17/20 (units 16000 to 16999)
2025-05-28 09:41:16,236 - ERROR - Chunk 17: Error on attempt 1: Page.evaluate: Target page, context or browser has been closed
2025-05-28 09:41:18,978 - ERROR - Chunk 17: Error on attempt 2: Page.evaluate: Target page, context or browser has been closed
2025-05-28 09:41:21,747 - ERROR - Chunk 17: Error on attempt 3: Page.evaluate: Target page, context or browser has been closed
2025-05-28 09:41:24,199 - INFO - Processing chunk 18/20 (units 17000 to 17999)
2025-05-28 09:41:24,308 - ERROR - Chunk 18: Error on attempt 1: Page.evaluate: Target page, context or browser has been closed
2025-05-28 09:41:28,379 - ERROR - Chunk 18: Error on attempt 2: Page.evaluate: Target page, context or browser has been closed
2025-05-28 09:41:32,370 - ERROR - Chunk 18: Error on attempt 3: Page.evaluate: Target page, context or browser has been closed
2025-05-28 09:41:36,241 - INFO - Processing chunk 19/20 (units 18000 to 18999)
2025-05-28 09:41:36,353 - ERROR - Chunk 19: Error on attempt 1: Page.evaluate: Target page, context or browser has been closed
2025-05-28 09:41:39,964 - ERROR - Chunk 19: Error on attempt 2: Page.evaluate: Target page, context or browser has been closed
2025-05-28 09:41:43,627 - ERROR - Chunk 19: Error on attempt 3: Page.evaluate: Target page, context or browser has been closed
2025-05-28 09:41:47,232 - INFO - Processing chunk 20/20 (units 19000 to 19571)
2025-05-28 09:41:47,316 - ERROR - Chunk 20: Error on attempt 1: Page.evaluate: Target page, context or browser has been closed
2025-05-28 09:41:49,938 - ERROR - Chunk 20: Error on attempt 2: Page.evaluate: Target page, context or browser has been closed
2025-05-28 09:41:53,014 - ERROR - Chunk 20: Error on attempt 3: Page.evaluate: Target page, context or browser has been closed
2025-05-28 09:41:55,782 - INFO - Completed processing. Total results: 14000
2025-05-28 09:41:55,834 - INFO - Extracting and processing RV data...
2025-05-28 09:41:55,834 - INFO - Starting to extract data from 14000 items
2025-05-28 09:43:50,826 - INFO - Successfully extracted 12305 new and 1695 used RVs
2025-05-28 09:43:50,826 - INFO - Saving data to CSV files...
2025-05-28 09:43:50,949 - INFO - Saved 12305 new RVs to rv_new_20250528_094350.csv
2025-05-28 09:43:50,968 - INFO - Saved 1695 used RVs to rv_used_20250528_094350.csv
2025-05-28 09:43:50,969 - INFO - === RV Scraper Completed Successfully ===
2025-05-28 09:43:50,969 - INFO - New RVs: 12305
2025-05-28 09:43:50,969 - INFO - Used RVs: 1695
2025-05-28 09:43:50,969 - INFO - Total: 14000
2025-05-28 09:43:50,969 - INFO - Sample New RV: {'RV Type': 'Travel Trailer', 'Stock No': 'T101021', 'Price': '$15995.00', 'MSRP': '$22977', 'Location': 'Bakersfield CA', 'URL': 'https://www.bluecompassrv.com/product/new-2025-forest-river-rv-aurora-light-13bhx-2727495-29'}
2025-05-28 09:43:50,970 - INFO - Sample Used RV: {'RV Type': 'Travel Trailer', 'Stock No': 'UT700146', 'Price': '$14995.00', 'MSRP': '$18848', 'Location': 'Bakersfield CA', 'URL': 'https://www.bluecompassrv.com/product/used-2015-keystone-rv-bullet-bullet-212rbswe-2814518-29'}
